Determining if the pthread_create exist failed with the following output:
Change Dir: /home/letrend/workspace/roboy_middleware/src/roboy_models/cmake-build-debug/CMakeFiles/CMakeTmp

Run Build Command:"/usr/bin/make" "cmTC_52f35/fast"
/usr/bin/make -f CMakeFiles/cmTC_52f35.dir/build.make CMakeFiles/cmTC_52f35.dir/build
make[1]: Entering directory '/mnt/hgfs/roboy_models/cmake-build-debug/CMakeFiles/CMakeTmp'
Building C object CMakeFiles/cmTC_52f35.dir/CheckSymbolExists.c.o
/usr/bin/cc    -o CMakeFiles/cmTC_52f35.dir/CheckSymbolExists.c.o   -c /home/letrend/workspace/roboy_middleware/src/roboy_models/cmake-build-debug/CMakeFiles/CMakeTmp/CheckSymbolExists.c
Linking C executable cmTC_52f35
/opt/clion-2018.1.2/bin/cmake/bin/cmake -E cmake_link_script CMakeFiles/cmTC_52f35.dir/link.txt --verbose=1
/usr/bin/cc      -rdynamic CMakeFiles/cmTC_52f35.dir/CheckSymbolExists.c.o  -o cmTC_52f35 
CMakeFiles/cmTC_52f35.dir/CheckSymbolExists.c.o: In function `main':
CheckSymbolExists.c:(.text+0x16): undefined reference to `pthread_create'
collect2: error: ld returned 1 exit status
CMakeFiles/cmTC_52f35.dir/build.make:97: recipe for target 'cmTC_52f35' failed
make[1]: *** [cmTC_52f35] Error 1
make[1]: Leaving directory '/mnt/hgfs/roboy_models/cmake-build-debug/CMakeFiles/CMakeTmp'
Makefile:126: recipe for target 'cmTC_52f35/fast' failed
make: *** [cmTC_52f35/fast] Error 2

File /home/letrend/workspace/roboy_middleware/src/roboy_models/cmake-build-debug/CMakeFiles/CMakeTmp/CheckSymbolExists.c:
/* */
#include <pthread.h>

int main(int argc, char** argv)
{
  (void)argv;
#ifndef pthread_create
  return ((int*)(&pthread_create))[argc];
#else
  (void)argc;
  return 0;
#endif
}

Determining if the function pthread_create exists in the pthreads failed with the following output:
Change Dir: /home/letrend/workspace/roboy_middleware/src/roboy_models/cmake-build-debug/CMakeFiles/CMakeTmp

Run Build Command:"/usr/bin/make" "cmTC_ef43d/fast"
/usr/bin/make -f CMakeFiles/cmTC_ef43d.dir/build.make CMakeFiles/cmTC_ef43d.dir/build
make[1]: Entering directory '/mnt/hgfs/roboy_models/cmake-build-debug/CMakeFiles/CMakeTmp'
Building C object CMakeFiles/cmTC_ef43d.dir/CheckFunctionExists.c.o
/usr/bin/cc   -DCHECK_FUNCTION_EXISTS=pthread_create   -o CMakeFiles/cmTC_ef43d.dir/CheckFunctionExists.c.o   -c /opt/clion-2018.1.2/bin/cmake/share/cmake-3.10/Modules/CheckFunctionExists.c
Linking C executable cmTC_ef43d
/opt/clion-2018.1.2/bin/cmake/bin/cmake -E cmake_link_script CMakeFiles/cmTC_ef43d.dir/link.txt --verbose=1
/usr/bin/cc  -DCHECK_FUNCTION_EXISTS=pthread_create    -rdynamic CMakeFiles/cmTC_ef43d.dir/CheckFunctionExists.c.o  -o cmTC_ef43d -lpthreads 
/usr/bin/ld: cannot find -lpthreads
collect2: error: ld returned 1 exit status
CMakeFiles/cmTC_ef43d.dir/build.make:97: recipe for target 'cmTC_ef43d' failed
make[1]: *** [cmTC_ef43d] Error 1
make[1]: Leaving directory '/mnt/hgfs/roboy_models/cmake-build-debug/CMakeFiles/CMakeTmp'
Makefile:126: recipe for target 'cmTC_ef43d/fast' failed
make: *** [cmTC_ef43d/fast] Error 2


